<?xml version="1.0" encoding="UTF-8"?>
<beans xmlns="http://www.springframework.org/schema/beans"
	   xmlns:xsi="http://www.w3.org/2001/XMLSchema-instance"
	   xmlns:context="http://www.springframework.org/schema/context"
	   xmlns:util="http://www.springframework.org/schema/util"
	   xmlns:jdbc="http://www.springframework.org/schema/jdbc"
	   xsi:schemaLocation="http://www.springframework.org/schema/beans http://www.springframework.org/schema/beans/spring-beans.xsd
	   						http://www.springframework.org/schema/util http://www.springframework.org/schema/util/spring-util-4.1.xsd
							http://www.springframework.org/schema/context http://www.springframework.org/schema/context/spring-context-4.1.xsd
							http://www.springframework.org/schema/jdbc http://www.springframework.org/schema/jdbc/spring-jdbc.xsd">

	<context:component-scan base-package="com.people"/>

	<util:properties id="jdbcprop" location="classpath:properties/jdbc-properties.xml" />

	<!-- RIS H2 DataSource Configuration For Test -->
	<bean id="dataSource" class="org.h2.jdbcx.JdbcDataSource">
		<property name="URL" value="#{jdbcprop['jdbc.url']}"/>
		<property name="user" value="#{jdbcprop['jdbc.username']}"/>
		<property name="password" value="#{jdbcprop['jdbc.password']}"/>
	</bean>

	<jdbc:initialize-database>
		<jdbc:script location="classpath:/initial-db/db-schema.sql" encoding="UTF-8"/>
	</jdbc:initialize-database>
</beans>